\BOOKMARK [1][-]{section*.2}{Resumen/Abstract}{}% 1
\BOOKMARK [1][-]{section.1}{Introducci\363n}{}% 2
\BOOKMARK [2][-]{subsection.1.1}{Antecedentes}{section.1}% 3
\BOOKMARK [2][-]{subsection.1.2}{Contaminantes}{section.1}% 4
\BOOKMARK [3][-]{subsubsection.1.2.1}{\323xidos de nitr\363geno}{subsection.1.2}% 5
\BOOKMARK [3][-]{subsubsection.1.2.2}{Ozono}{subsection.1.2}% 6
\BOOKMARK [3][-]{section*.4}{Part\355culas PM10 y PM2,5}{subsection.1.2}% 7
\BOOKMARK [2][-]{subsection.1.3}{Normativa}{section.1}% 8
\BOOKMARK [1][-]{section.2}{Objetivos}{}% 9
\BOOKMARK [1][-]{section.3}{Datos y metodolog\355a}{}% 10
\BOOKMARK [2][-]{subsection.3.1}{An\341lisis estad\355stico}{section.3}% 11
\BOOKMARK [3][-]{subsubsection.3.1.1}{Cuantiles}{subsection.3.1}% 12
\BOOKMARK [3][-]{subsubsection.3.1.2}{Posici\363n}{subsection.3.1}% 13
\BOOKMARK [3][-]{subsubsection.3.1.3}{Dispersi\363n}{subsection.3.1}% 14
\BOOKMARK [3][-]{subsubsection.3.1.4}{Simetr\355a}{subsection.3.1}% 15
\BOOKMARK [3][-]{subsubsection.3.1.5}{Aplanamiento}{subsection.3.1}% 16
\BOOKMARK [3][-]{subsubsection.3.1.6}{Archivos con la media anual de concentraci\363n}{subsection.3.1}% 17
\BOOKMARK [3][-]{subsubsection.3.1.7}{Archivos con la media diaria de contaminaci\363n}{subsection.3.1}% 18
\BOOKMARK [2][-]{subsection.3.2}{An\341lisis gr\341fico}{section.3}% 19
\BOOKMARK [3][-]{subsubsection.3.2.1}{Diagramas de caja y bigotes}{subsection.3.2}% 20
\BOOKMARK [3][-]{subsubsection.3.2.2}{Histogramas}{subsection.3.2}% 21
\BOOKMARK [3][-]{subsubsection.3.2.3}{Suavizados de histogramas}{subsection.3.2}% 22
\BOOKMARK [3][-]{subsubsection.3.2.4}{Coeficientes de eficiencia}{subsection.3.2}% 23
\BOOKMARK [3][-]{subsubsection.3.2.5}{Zona de estudio}{subsection.3.2}% 24
\BOOKMARK [2][-]{subsection.3.3}{Software complementario}{section.3}% 25
\BOOKMARK [1][-]{section.4}{Resultados}{}% 26
\BOOKMARK [2][-]{subsection.4.1}{Di\363xido de nitr\363geno}{section.4}% 27
\BOOKMARK [2][-]{subsection.4.2}{Ozono}{section.4}% 28
\BOOKMARK [2][-]{section*.36}{Part\355culas PM10}{section.4}% 29
\BOOKMARK [2][-]{section*.48}{Part\355culas PM2,5}{section.4}% 30
\BOOKMARK [1][-]{section.5}{Conclusiones}{}% 31
\BOOKMARK [1][-]{section.6}{Futuras l\355neas de estudio}{}% 32
\BOOKMARK [1][-]{section.7}{Bibliograf\355a}{}% 33
